  glad.c
  Main.cpp
E:\Visual Studio\Projects\task_7_Vasilenko\Vasilenko\Main.cpp(179,55): warning C4305: аргумент: усечение из "double" в "float"
E:\Visual Studio\Projects\task_7_Vasilenko\Vasilenko\Main.cpp(191,9): warning C4244: =: преобразование "double" в "float", возможна потеря данных
E:\Visual Studio\Projects\task_7_Vasilenko\Vasilenko\Main.cpp(311,74): warning C4305: аргумент: усечение из "double" в "float"
E:\Visual Studio\Projects\task_7_Vasilenko\Vasilenko\Main.cpp(330,76): warning C4305: аргумент: усечение из "double" в "float"
E:\Visual Studio\Projects\task_7_Vasilenko\Vasilenko\Main.cpp(350,74): warning C4305: аргумент: усечение из "double" в "float"
E:\Visual Studio\Projects\task_7_Vasilenko\Vasilenko\Main.cpp(368,75): warning C4305: аргумент: усечение из "double" в "float"
E:\Visual Studio\Projects\task_7_Vasilenko\Vasilenko\Main.cpp(420,14): warning C4305: -=: усечение из "double" в "float"
E:\Visual Studio\Projects\task_7_Vasilenko\Vasilenko\Main.cpp(426,14): warning C4305: +=: усечение из "double" в "float"
E:\Visual Studio\Projects\task_7_Vasilenko\Vasilenko\Main.cpp(436,14): warning C4305: -=: усечение из "double" в "float"
E:\Visual Studio\Projects\task_7_Vasilenko\Vasilenko\Main.cpp(441,13): warning C4305: +=: усечение из "double" в "float"
E:\Visual Studio\Projects\task_7_Vasilenko\Vasilenko\Main.cpp(449,17): warning C4305: -=: усечение из "double" в "float"
E:\Visual Studio\Projects\task_7_Vasilenko\Vasilenko\Main.cpp(454,16): warning C4305: +=: усечение из "double" в "float"
E:\Visual Studio\Projects\task_7_Vasilenko\Vasilenko\Main.cpp(463,23): warning C4305: -=: усечение из "double" в "float"
E:\Visual Studio\Projects\task_7_Vasilenko\Vasilenko\Main.cpp(469,23): warning C4305: +=: усечение из "double" в "float"
E:\Visual Studio\Projects\task_7_Vasilenko\Vasilenko\Main.cpp(479,25): warning C4305: -=: усечение из "double" в "float"
E:\Visual Studio\Projects\task_7_Vasilenko\Vasilenko\Main.cpp(484,24): warning C4305: +=: усечение из "double" в "float"
E:\Visual Studio\Projects\task_7_Vasilenko\Vasilenko\Main.cpp(666,21): warning C4018: <: несоответствие типов со знаком и без знака
E:\Visual Studio\Projects\task_7_Vasilenko\Vasilenko\Main.cpp(671,22): warning C4018: <: несоответствие типов со знаком и без знака
LINK : warning LNK4098: библиотека по умолчанию "MSVCRT" конфликтует с использованием других библиотек; используйте /NODEFAULTLIB:library
  Vasilenko.vcxproj -> E:\Visual Studio\Projects\task_7_Vasilenko\Debug\Vasilenko.exe
